DEBUG | 2023-01-24 08:24:01,901 | CONFIGURATION: {'na_values': ',#N/A,N/A,#N/A N/A,n/a,NA,<NA>,#NA,NULL,null,NaN,nan,None', 'output_file': '/home/thomas/graphs/knowledge-graph-delijn.nt', 'output_dir': '', 'output_format': 'N-TRIPLES', 'only_printable_characters': 'no', 'safe_percent_encoding': '', 'number_of_processes': '1', 'logging_level': 'DEBUG', 'logging_file': '/home/thomas/graphs/morph-log-delijn.log', 'read_parsed_mappings_path': '', 'write_parsed_mappings_path': '', 'mapping_partitioning': 'PARTIAL-AGGREGATIONS', 'oracle_client_lib_dir': '', 'oracle_client_config_dir': '', 'infer_sql_datatypes': 'no'}
DEBUG | 2023-01-24 08:24:01,901 | DATA SOURCE `Datasource1`: {'mappings': '/home/thomas/data/rml/gtfs-delijn-csv.rml.ttl'}
DEBUG | 2023-01-24 08:24:05,424 | Removed self-join from mapping rule `27`.
DEBUG | 2023-01-24 08:24:05,425 | Removed self-join from mapping rule `34`.
INFO | 2023-01-24 08:24:05,429 | 65 mapping rules retrieved.
INFO | 2023-01-24 08:24:05,457 | Mapping partition with 63 groups generated.
INFO | 2023-01-24 08:24:05,457 | Maximum number of rules within mapping group: 2.
INFO | 2023-01-24 08:24:05,459 | Mappings processed in 3.554 seconds.
DEBUG | 2023-01-24 08:24:05,469 | 1 triples generated for mapping rule `3` in 0.008 seconds.
DEBUG | 2023-01-24 08:24:05,517 | 1 triples generated for mapping rule `0` in 0.005 seconds.
DEBUG | 2023-01-24 08:24:05,526 | 1 triples generated for mapping rule `2` in 0.006 seconds.
DEBUG | 2023-01-24 08:24:05,536 | 1 triples generated for mapping rule `4` in 0.007 seconds.
DEBUG | 2023-01-24 08:24:05,544 | 1 triples generated for mapping rule `1` in 0.006 seconds.
DEBUG | 2023-01-24 08:24:05,554 | 1 triples generated for mapping rule `5` in 0.006 seconds.
DEBUG | 2023-01-24 08:24:05,729 | 0 triples generated for mapping rule `61` in 0.173 seconds.
DEBUG | 2023-01-24 08:24:06,271 | 126964 triples generated for mapping rule `60` in 0.540 seconds.
DEBUG | 2023-01-24 08:24:07,058 | 126964 triples generated for mapping rule `58` in 0.675 seconds.
DEBUG | 2023-01-24 08:24:07,836 | 126964 triples generated for mapping rule `63` in 0.587 seconds.
DEBUG | 2023-01-24 08:24:08,413 | 126964 triples generated for mapping rule `62` in 0.468 seconds.
DEBUG | 2023-01-24 08:24:12,887 | 115247 triples generated for mapping rule `64` in 4.348 seconds.
DEBUG | 2023-01-24 08:24:13,477 | 126964 triples generated for mapping rule `59` in 0.505 seconds.
DEBUG | 2023-01-24 08:24:13,807 | 126964 triples generated for mapping rule `57` in 0.266 seconds.
DEBUG | 2023-01-24 08:24:13,893 | 2210 triples generated for mapping rule `7` in 0.018 seconds.
DEBUG | 2023-01-24 08:24:13,916 | 2210 triples generated for mapping rule `8` in 0.018 seconds.
DEBUG | 2023-01-24 08:24:13,933 | 2210 triples generated for mapping rule `6` in 0.013 seconds.
DEBUG | 2023-01-24 08:24:13,945 | 1 triples generated for mapping rule `9` in 0.006 seconds.
DEBUG | 2023-01-24 08:24:13,958 | 1 triples generated for mapping rule `12` in 0.009 seconds.
DEBUG | 2023-01-24 08:24:13,967 | 1 triples generated for mapping rule `11` in 0.006 seconds.
DEBUG | 2023-01-24 08:24:13,978 | 1 triples generated for mapping rule `10` in 0.008 seconds.
DEBUG | 2023-01-24 08:24:13,988 | 1 triples generated for mapping rule `16` in 0.007 seconds.
DEBUG | 2023-01-24 08:24:14,000 | 1 triples generated for mapping rule `14` in 0.008 seconds.
DEBUG | 2023-01-24 08:24:14,010 | 1 triples generated for mapping rule `13` in 0.007 seconds.
DEBUG | 2023-01-24 08:24:14,022 | 1 triples generated for mapping rule `15` in 0.009 seconds.
DEBUG | 2023-01-24 08:24:14,042 | 1043 triples generated for mapping rule `25` in 0.016 seconds.
DEBUG | 2023-01-24 08:24:14,058 | 1042 triples generated for mapping rule `23` in 0.012 seconds.
DEBUG | 2023-01-24 08:24:14,074 | 1014 triples generated for mapping rule `20` in 0.012 seconds.
DEBUG | 2023-01-24 08:24:14,092 | 1043 triples generated for mapping rule `19` in 0.013 seconds.
DEBUG | 2023-01-24 08:24:14,102 | 0 triples generated for mapping rule `22` in 0.007 seconds.
DEBUG | 2023-01-24 08:24:14,112 | 1043 triples generated for mapping rule `21` in 0.009 seconds.
DEBUG | 2023-01-24 08:24:14,127 | 1043 triples generated for mapping rule `18` in 0.011 seconds.
DEBUG | 2023-01-24 08:24:14,142 | 1042 triples generated for mapping rule `24` in 0.011 seconds.
DEBUG | 2023-01-24 08:24:14,155 | 1043 triples generated for mapping rule `17` in 0.009 seconds.
DEBUG | 2023-01-24 08:24:14,174 | 2210 triples generated for mapping rule `27` in 0.016 seconds.
DEBUG | 2023-01-24 08:24:14,188 | 446 triples generated for mapping rule `26` in 0.010 seconds.
DEBUG | 2023-01-24 08:24:31,067 | 4422100 triples generated for mapping rule `34` in 16.875 seconds.
DEBUG | 2023-01-24 08:24:38,103 | 6227 triples generated for mapping rule `33` in 3.635 seconds.
DEBUG | 2023-01-24 08:25:01,709 | 4422100 triples generated for mapping rule `32` in 23.579 seconds.
DEBUG | 2023-01-24 08:25:26,307 | 4422100 triples generated for mapping rule `31` in 21.158 seconds.
DEBUG | 2023-01-24 08:25:43,657 | 4422100 triples generated for mapping rule `28` in 14.430 seconds.
DEBUG | 2023-01-24 08:26:12,877 | 4422100 triples generated for mapping rule `29` in 25.963 seconds.
DEBUG | 2023-01-24 08:26:44,803 | 4422100 triples generated for mapping rule `30` in 27.592 seconds.
DEBUG | 2023-01-24 08:26:49,458 | 40674 triples generated for mapping rule `36` in 0.191 seconds.
DEBUG | 2023-01-24 08:26:49,550 | 0 triples generated for mapping rule `39` in 0.060 seconds.
DEBUG | 2023-01-24 08:26:49,612 | 0 triples generated for mapping rule `44` in 0.060 seconds.
DEBUG | 2023-01-24 08:26:49,725 | 0 triples generated for mapping rule `46` in 0.113 seconds.
DEBUG | 2023-01-24 08:26:49,879 | 40674 triples generated for mapping rule `37` in 0.153 seconds.
DEBUG | 2023-01-24 08:26:50,048 | 40674 triples generated for mapping rule `45` in 0.138 seconds.
DEBUG | 2023-01-24 08:26:50,382 | 0 triples generated for mapping rule `42` in 0.288 seconds.
DEBUG | 2023-01-24 08:26:50,463 | 40674 triples generated for mapping rule `35` in 0.079 seconds.
DEBUG | 2023-01-24 08:26:50,702 | 40674 triples generated for mapping rule `40` in 0.199 seconds.
DEBUG | 2023-01-24 08:26:50,947 | 40674 triples generated for mapping rule `41` in 0.204 seconds.
DEBUG | 2023-01-24 08:26:51,204 | 40674 triples generated for mapping rule `38` in 0.213 seconds.
DEBUG | 2023-01-24 08:26:51,380 | 40674 triples generated for mapping rule `43` in 0.148 seconds.
DEBUG | 2023-01-24 08:27:29,764 | 6606186 triples generated for mapping rule `48` in 38.350 seconds.
DEBUG | 2023-01-24 08:28:14,847 | 6606186 triples generated for mapping rule `49` in 39.028 seconds.
DEBUG | 2023-01-24 08:28:30,255 | 0 triples generated for mapping rule `54` in 9.824 seconds.
DEBUG | 2023-01-24 08:28:59,623 | 6539883 triples generated for mapping rule `53` in 29.366 seconds.
DEBUG | 2023-01-24 08:29:14,076 | 0 triples generated for mapping rule `51` in 9.512 seconds.
DEBUG | 2023-01-24 08:29:45,058 | 6539883 triples generated for mapping rule `52` in 30.980 seconds.
DEBUG | 2023-01-24 08:30:31,712 | 6616375 triples generated for mapping rule `50` in 41.533 seconds.
DEBUG | 2023-01-24 08:31:04,868 | 13156258 triples generated for mapping rule `56` in 33.155 seconds.
DEBUG | 2023-01-24 08:31:44,392 | 6539883 triples generated for mapping rule `55` in 28.350 seconds.
DEBUG | 2023-01-24 08:32:11,817 | 6539883 triples generated for mapping rule `47` in 21.837 seconds.
INFO | 2023-01-24 08:32:17,190 | Number of triples generated in total: 80287025.
INFO | 2023-01-24 08:32:17,190 | Materialization finished in 491.729 seconds.
