DEBUG | 2023-01-24 10:16:52,875 | CONFIGURATION: {'na_values': ',#N/A,N/A,#N/A N/A,n/a,NA,<NA>,#NA,NULL,null,NaN,nan,None', 'output_file': '/home/thomas/graphs/knowledge-graph-delijn.nt', 'output_dir': '', 'output_format': 'N-TRIPLES', 'only_printable_characters': 'no', 'safe_percent_encoding': '', 'mapping_partitioning': 'MAXIMAL', 'number_of_processes': '1', 'logging_level': 'DEBUG', 'logging_file': '/home/thomas/graphs/morph-log-delijn-no-shapes.log', 'read_parsed_mappings_path': '', 'write_parsed_mappings_path': '', 'oracle_client_lib_dir': '', 'oracle_client_config_dir': '', 'infer_sql_datatypes': 'no'}
DEBUG | 2023-01-24 10:16:52,875 | DATA SOURCE `Datasource1`: {'mappings': '/home/thomas/data/rml/gtfs-delijn-csv.rml.ttl'}
DEBUG | 2023-01-24 10:16:56,031 | Removed self-join from mapping rule `27`.
INFO | 2023-01-24 10:16:56,035 | 57 mapping rules retrieved.
INFO | 2023-01-24 10:16:56,543 | Mapping partition with 57 groups generated.
INFO | 2023-01-24 10:16:56,544 | Maximum number of rules within mapping group: 1.
INFO | 2023-01-24 10:16:56,545 | Mappings processed in 3.668 seconds.
DEBUG | 2023-01-24 10:16:57,191 | 1 triples generated for mapping rule `4` in 0.009 seconds.
DEBUG | 2023-01-24 10:16:57,240 | 1 triples generated for mapping rule `3` in 0.008 seconds.
DEBUG | 2023-01-24 10:16:57,249 | 1 triples generated for mapping rule `0` in 0.005 seconds.
DEBUG | 2023-01-24 10:16:57,260 | 1 triples generated for mapping rule `2` in 0.008 seconds.
DEBUG | 2023-01-24 10:16:57,270 | 1 triples generated for mapping rule `1` in 0.006 seconds.
DEBUG | 2023-01-24 10:16:57,281 | 1 triples generated for mapping rule `5` in 0.008 seconds.
DEBUG | 2023-01-24 10:16:57,301 | 2210 triples generated for mapping rule `7` in 0.017 seconds.
DEBUG | 2023-01-24 10:16:57,323 | 2210 triples generated for mapping rule `8` in 0.018 seconds.
DEBUG | 2023-01-24 10:16:57,339 | 2210 triples generated for mapping rule `6` in 0.011 seconds.
DEBUG | 2023-01-24 10:16:57,350 | 1 triples generated for mapping rule `12` in 0.006 seconds.
DEBUG | 2023-01-24 10:16:57,358 | 1 triples generated for mapping rule `10` in 0.006 seconds.
DEBUG | 2023-01-24 10:16:57,371 | 1 triples generated for mapping rule `16` in 0.006 seconds.
DEBUG | 2023-01-24 10:16:57,383 | 1 triples generated for mapping rule `14` in 0.006 seconds.
DEBUG | 2023-01-24 10:16:57,395 | 1 triples generated for mapping rule `13` in 0.006 seconds.
DEBUG | 2023-01-24 10:16:57,407 | 1 triples generated for mapping rule `15` in 0.006 seconds.
DEBUG | 2023-01-24 10:16:57,415 | 1 triples generated for mapping rule `9` in 0.005 seconds.
DEBUG | 2023-01-24 10:16:57,423 | 1 triples generated for mapping rule `11` in 0.006 seconds.
DEBUG | 2023-01-24 10:16:57,439 | 1014 triples generated for mapping rule `20` in 0.012 seconds.
DEBUG | 2023-01-24 10:16:57,457 | 1043 triples generated for mapping rule `25` in 0.014 seconds.
DEBUG | 2023-01-24 10:16:57,472 | 1042 triples generated for mapping rule `23` in 0.011 seconds.
DEBUG | 2023-01-24 10:16:57,488 | 1043 triples generated for mapping rule `19` in 0.012 seconds.
DEBUG | 2023-01-24 10:16:57,501 | 1043 triples generated for mapping rule `21` in 0.009 seconds.
DEBUG | 2023-01-24 10:16:57,513 | 0 triples generated for mapping rule `22` in 0.008 seconds.
DEBUG | 2023-01-24 10:16:57,525 | 1043 triples generated for mapping rule `18` in 0.011 seconds.
DEBUG | 2023-01-24 10:16:57,540 | 1042 triples generated for mapping rule `24` in 0.011 seconds.
DEBUG | 2023-01-24 10:16:57,551 | 1043 triples generated for mapping rule `17` in 0.007 seconds.
DEBUG | 2023-01-24 10:16:57,567 | 2210 triples generated for mapping rule `27` in 0.012 seconds.
DEBUG | 2023-01-24 10:16:57,579 | 446 triples generated for mapping rule `26` in 0.007 seconds.
DEBUG | 2023-01-24 10:16:57,642 | 0 triples generated for mapping rule `32` in 0.059 seconds.
DEBUG | 2023-01-24 10:16:57,849 | 40674 triples generated for mapping rule `34` in 0.206 seconds.
DEBUG | 2023-01-24 10:16:58,082 | 40674 triples generated for mapping rule `31` in 0.198 seconds.
DEBUG | 2023-01-24 10:16:58,290 | 40674 triples generated for mapping rule `36` in 0.181 seconds.
DEBUG | 2023-01-24 10:16:58,493 | 40674 triples generated for mapping rule `30` in 0.171 seconds.
DEBUG | 2023-01-24 10:16:58,779 | 40674 triples generated for mapping rule `29` in 0.262 seconds.
DEBUG | 2023-01-24 10:16:58,882 | 0 triples generated for mapping rule `37` in 0.066 seconds.
DEBUG | 2023-01-24 10:16:59,005 | 0 triples generated for mapping rule `39` in 0.121 seconds.
DEBUG | 2023-01-24 10:16:59,170 | 40674 triples generated for mapping rule `38` in 0.164 seconds.
DEBUG | 2023-01-24 10:16:59,285 | 0 triples generated for mapping rule `35` in 0.073 seconds.
DEBUG | 2023-01-24 10:16:59,406 | 40674 triples generated for mapping rule `28` in 0.119 seconds.
DEBUG | 2023-01-24 10:16:59,655 | 40674 triples generated for mapping rule `33` in 0.221 seconds.
DEBUG | 2023-01-24 10:17:37,425 | 6606186 triples generated for mapping rule `41` in 37.732 seconds.
DEBUG | 2023-01-24 10:18:19,960 | 6606186 triples generated for mapping rule `42` in 36.975 seconds.
DEBUG | 2023-01-24 10:18:36,193 | 0 triples generated for mapping rule `47` in 10.278 seconds.
DEBUG | 2023-01-24 10:19:05,501 | 6539883 triples generated for mapping rule `46` in 29.299 seconds.
DEBUG | 2023-01-24 10:19:20,604 | 0 triples generated for mapping rule `44` in 9.541 seconds.
DEBUG | 2023-01-24 10:19:50,019 | 6539883 triples generated for mapping rule `45` in 29.406 seconds.
DEBUG | 2023-01-24 10:20:34,184 | 6616375 triples generated for mapping rule `43` in 38.759 seconds.
DEBUG | 2023-01-24 10:21:12,334 | 6539883 triples generated for mapping rule `49` in 32.222 seconds.
DEBUG | 2023-01-24 10:21:47,853 | 6539883 triples generated for mapping rule `48` in 28.355 seconds.
DEBUG | 2023-01-24 10:22:15,748 | 6539883 triples generated for mapping rule `40` in 22.356 seconds.
DEBUG | 2023-01-24 10:22:21,427 | 0 triples generated for mapping rule `54` in 0.148 seconds.
DEBUG | 2023-01-24 10:22:21,935 | 126964 triples generated for mapping rule `53` in 0.506 seconds.
DEBUG | 2023-01-24 10:22:22,895 | 126964 triples generated for mapping rule `51` in 0.886 seconds.
DEBUG | 2023-01-24 10:22:23,561 | 126964 triples generated for mapping rule `56` in 0.565 seconds.
DEBUG | 2023-01-24 10:22:24,226 | 126964 triples generated for mapping rule `55` in 0.525 seconds.
DEBUG | 2023-01-24 10:22:24,921 | 126964 triples generated for mapping rule `52` in 0.570 seconds.
DEBUG | 2023-01-24 10:22:25,331 | 126964 triples generated for mapping rule `50` in 0.311 seconds.
INFO | 2023-01-24 10:22:25,445 | Number of triples generated in total: 53632951.
INFO | 2023-01-24 10:22:25,445 | Materialization finished in 328.263 seconds.
