DEBUG | 2023-01-24 16:22:19,786 | CONFIGURATION: {'na_values': ',#N/A,N/A,#N/A N/A,n/a,NA,<NA>,#NA,NULL,null,NaN,nan,None', 'output_file': '/home/thomas/graphs/knowledge-graph-tec.nt', 'output_dir': '', 'output_format': 'N-TRIPLES', 'only_printable_characters': 'no', 'safe_percent_encoding': '', 'number_of_processes': '3', 'logging_level': 'DEBUG', 'logging_file': '/home/thomas/graphs/morph-log-tec.log', 'read_parsed_mappings_path': '', 'write_parsed_mappings_path': '', 'mapping_partitioning': 'PARTIAL-AGGREGATIONS', 'oracle_client_lib_dir': '', 'oracle_client_config_dir': '', 'infer_sql_datatypes': 'no'}
DEBUG | 2023-01-24 16:22:19,786 | DATA SOURCE `Datasource1`: {'mappings': '/home/thomas/data/rml/gtfs-tec-csv.rml.ttl'}
DEBUG | 2023-01-24 16:22:21,995 | Removed self-join from mapping rule `25`.
INFO | 2023-01-24 16:22:21,998 | 50 mapping rules retrieved.
INFO | 2023-01-24 16:22:22,021 | Mapping partition with 46 groups generated.
INFO | 2023-01-24 16:22:22,022 | Maximum number of rules within mapping group: 2.
INFO | 2023-01-24 16:22:22,023 | Mappings processed in 2.235 seconds.
DEBUG | 2023-01-24 16:22:22,705 | Parallelizing with 3 cores.
DEBUG | 2023-01-24 16:22:22,747 | 5 triples generated for mapping rule `5` in 0.017 seconds.
DEBUG | 2023-01-24 16:22:22,752 | 5 triples generated for mapping rule `3` in 0.021 seconds.
DEBUG | 2023-01-24 16:22:22,754 | 1064 triples generated for mapping rule `6` in 0.023 seconds.
DEBUG | 2023-01-24 16:22:22,857 | 5 triples generated for mapping rule `4` in 0.009 seconds.
DEBUG | 2023-01-24 16:22:22,858 | 5 triples generated for mapping rule `0` in 0.008 seconds.
DEBUG | 2023-01-24 16:22:22,858 | 1 triples generated for mapping rule `9` in 0.008 seconds.
DEBUG | 2023-01-24 16:22:22,870 | 0 triples generated for mapping rule `16` in 0.008 seconds.
DEBUG | 2023-01-24 16:22:22,871 | 5 triples generated for mapping rule `2` in 0.009 seconds.
DEBUG | 2023-01-24 16:22:22,876 | 1 triples generated for mapping rule `11` in 0.006 seconds.
DEBUG | 2023-01-24 16:22:22,876 | 1064 triples generated for mapping rule `7` in 0.016 seconds.
DEBUG | 2023-01-24 16:22:22,880 | 5 triples generated for mapping rule `1` in 0.006 seconds.
DEBUG | 2023-01-24 16:22:22,890 | 1 triples generated for mapping rule `12` in 0.011 seconds.
DEBUG | 2023-01-24 16:22:22,893 | 1 triples generated for mapping rule `10` in 0.008 seconds.
DEBUG | 2023-01-24 16:22:22,896 | 1064 triples generated for mapping rule `8` in 0.014 seconds.
DEBUG | 2023-01-24 16:22:22,898 | 1 triples generated for mapping rule `13` in 0.008 seconds.
DEBUG | 2023-01-24 16:22:22,908 | 0 triples generated for mapping rule `15` in 0.011 seconds.
DEBUG | 2023-01-24 16:22:22,915 | 0 triples generated for mapping rule `22` in 0.013 seconds.
DEBUG | 2023-01-24 16:22:22,916 | 1 triples generated for mapping rule `14` in 0.008 seconds.
DEBUG | 2023-01-24 16:22:22,920 | 870 triples generated for mapping rule `23` in 0.016 seconds.
DEBUG | 2023-01-24 16:22:22,926 | 870 triples generated for mapping rule `21` in 0.011 seconds.
DEBUG | 2023-01-24 16:22:22,934 | 870 triples generated for mapping rule `19` in 0.015 seconds.
DEBUG | 2023-01-24 16:22:22,936 | 1064 triples generated for mapping rule `25` in 0.011 seconds.
DEBUG | 2023-01-24 16:22:22,940 | 0 triples generated for mapping rule `20` in 0.009 seconds.
DEBUG | 2023-01-24 16:22:22,949 | 107 triples generated for mapping rule `24` in 0.007 seconds.
DEBUG | 2023-01-24 16:22:22,952 | 870 triples generated for mapping rule `18` in 0.011 seconds.
DEBUG | 2023-01-24 16:22:22,968 | 870 triples generated for mapping rule `17` in 0.008 seconds.
DEBUG | 2023-01-24 16:22:23,002 | 0 triples generated for mapping rule `27` in 0.049 seconds.
DEBUG | 2023-01-24 16:22:23,053 | 0 triples generated for mapping rule `34` in 0.049 seconds.
DEBUG | 2023-01-24 16:22:23,102 | 31591 triples generated for mapping rule `35` in 0.162 seconds.
DEBUG | 2023-01-24 16:22:23,199 | 31591 triples generated for mapping rule `31` in 0.226 seconds.
DEBUG | 2023-01-24 16:22:23,223 | 0 triples generated for mapping rule `30` in 0.078 seconds.
DEBUG | 2023-01-24 16:22:23,461 | 31591 triples generated for mapping rule `33` in 0.208 seconds.
DEBUG | 2023-01-24 16:22:23,489 | 31591 triples generated for mapping rule `32` in 0.233 seconds.
DEBUG | 2023-01-24 16:22:23,585 | 31591 triples generated for mapping rule `26` in 0.084 seconds.
DEBUG | 2023-01-24 16:22:23,744 | 31591 triples generated for mapping rule `29` in 0.202 seconds.
DEBUG | 2023-01-24 16:22:23,920 | 31591 triples generated for mapping rule `28` in 0.132 seconds.
DEBUG | 2023-01-24 16:22:25,375 | 180399 triples generated for mapping rule `47` in 1.411 seconds.
DEBUG | 2023-01-24 16:22:26,703 | 180461 triples generated for mapping rule `46` in 1.083 seconds.
DEBUG | 2023-01-24 16:22:27,858 | 180461 triples generated for mapping rule `49` in 0.935 seconds.
DEBUG | 2023-01-24 16:22:28,820 | 53152 triples generated for mapping rule `48` in 0.749 seconds.
DEBUG | 2023-01-24 16:22:30,133 | 180461 triples generated for mapping rule `45` in 1.240 seconds.
DEBUG | 2023-01-24 16:22:31,009 | 180461 triples generated for mapping rule `44` in 0.673 seconds.
DEBUG | 2023-01-24 16:23:11,025 | 5525043 triples generated for mapping rule `38` in 47.971 seconds.
DEBUG | 2023-01-24 16:23:12,485 | 5525847 triples generated for mapping rule `39` in 48.851 seconds.
DEBUG | 2023-01-24 16:23:55,852 | 11050890 triples generated for mapping rule `43` in 43.367 seconds.
DEBUG | 2023-01-24 16:23:59,069 | 5525043 triples generated for mapping rule `41` in 40.123 seconds.
DEBUG | 2023-01-24 16:24:49,866 | 5525043 triples generated for mapping rule `40` in 38.740 seconds.
DEBUG | 2023-01-24 16:24:52,345 | 5525043 triples generated for mapping rule `42` in 39.755 seconds.
DEBUG | 2023-01-24 16:25:31,590 | 5525043 triples generated for mapping rule `36` in 30.460 seconds.
DEBUG | 2023-01-24 16:26:20,760 | 5525043 triples generated for mapping rule `37` in 40.313 seconds.
INFO | 2023-01-24 16:26:29,253 | Number of triples generated in total: 45386428.
INFO | 2023-01-24 16:26:29,254 | Materialization finished in 246.549 seconds.
