DEBUG | 2023-01-24 09:18:18,015 | CONFIGURATION: {'na_values': ',#N/A,N/A,#N/A N/A,n/a,NA,<NA>,#NA,NULL,null,NaN,nan,None', 'output_file': '/home/thomas/graphs/knowledge-graph-delijn.nt', 'output_dir': '', 'output_format': 'N-TRIPLES', 'only_printable_characters': 'no', 'safe_percent_encoding': '', 'mapping_partitioning': 'PARTIAL-AGGREGATIONS', 'number_of_processes': '1', 'logging_level': 'DEBUG', 'logging_file': '/home/thomas/graphs/morph-log-delijn.log', 'read_parsed_mappings_path': '', 'write_parsed_mappings_path': '', 'oracle_client_lib_dir': '', 'oracle_client_config_dir': '', 'infer_sql_datatypes': 'no'}
DEBUG | 2023-01-24 09:18:18,015 | DATA SOURCE `Datasource1`: {'mappings': '/home/thomas/data/rml/gtfs-delijn-csv.rml.ttl'}
DEBUG | 2023-01-24 09:18:21,441 | Removed self-join from mapping rule `27`.
DEBUG | 2023-01-24 09:18:21,442 | Removed self-join from mapping rule `34`.
INFO | 2023-01-24 09:18:21,447 | 65 mapping rules retrieved.
INFO | 2023-01-24 09:18:21,478 | Mapping partition with 63 groups generated.
INFO | 2023-01-24 09:18:21,479 | Maximum number of rules within mapping group: 2.
INFO | 2023-01-24 09:18:21,481 | Mappings processed in 3.463 seconds.
DEBUG | 2023-01-24 09:18:23,286 | 1 triples generated for mapping rule `3` in 0.008 seconds.
DEBUG | 2023-01-24 09:18:23,342 | 1 triples generated for mapping rule `0` in 0.008 seconds.
DEBUG | 2023-01-24 09:18:23,355 | 1 triples generated for mapping rule `2` in 0.009 seconds.
DEBUG | 2023-01-24 09:18:23,366 | 1 triples generated for mapping rule `4` in 0.007 seconds.
DEBUG | 2023-01-24 09:18:23,377 | 1 triples generated for mapping rule `1` in 0.007 seconds.
DEBUG | 2023-01-24 09:18:23,389 | 1 triples generated for mapping rule `5` in 0.008 seconds.
DEBUG | 2023-01-24 09:18:23,639 | 0 triples generated for mapping rule `61` in 0.247 seconds.
DEBUG | 2023-01-24 09:18:24,519 | 126964 triples generated for mapping rule `60` in 0.878 seconds.
DEBUG | 2023-01-24 09:18:25,431 | 126964 triples generated for mapping rule `58` in 0.825 seconds.
DEBUG | 2023-01-24 09:18:26,102 | 126964 triples generated for mapping rule `63` in 0.560 seconds.
DEBUG | 2023-01-24 09:18:26,774 | 126964 triples generated for mapping rule `62` in 0.579 seconds.
DEBUG | 2023-01-24 09:18:32,590 | 115247 triples generated for mapping rule `64` in 5.705 seconds.
DEBUG | 2023-01-24 09:18:33,312 | 126964 triples generated for mapping rule `59` in 0.618 seconds.
DEBUG | 2023-01-24 09:18:33,704 | 126964 triples generated for mapping rule `57` in 0.298 seconds.
DEBUG | 2023-01-24 09:18:33,809 | 2210 triples generated for mapping rule `7` in 0.016 seconds.
DEBUG | 2023-01-24 09:18:33,832 | 2210 triples generated for mapping rule `8` in 0.018 seconds.
DEBUG | 2023-01-24 09:18:33,850 | 2210 triples generated for mapping rule `6` in 0.012 seconds.
DEBUG | 2023-01-24 09:18:33,861 | 1 triples generated for mapping rule `9` in 0.006 seconds.
DEBUG | 2023-01-24 09:18:33,872 | 1 triples generated for mapping rule `12` in 0.007 seconds.
DEBUG | 2023-01-24 09:18:33,881 | 1 triples generated for mapping rule `11` in 0.006 seconds.
DEBUG | 2023-01-24 09:18:33,891 | 1 triples generated for mapping rule `10` in 0.007 seconds.
DEBUG | 2023-01-24 09:18:33,901 | 1 triples generated for mapping rule `16` in 0.006 seconds.
DEBUG | 2023-01-24 09:18:33,911 | 1 triples generated for mapping rule `14` in 0.007 seconds.
DEBUG | 2023-01-24 09:18:33,921 | 1 triples generated for mapping rule `13` in 0.007 seconds.
DEBUG | 2023-01-24 09:18:33,931 | 1 triples generated for mapping rule `15` in 0.006 seconds.
DEBUG | 2023-01-24 09:18:33,951 | 1043 triples generated for mapping rule `25` in 0.017 seconds.
DEBUG | 2023-01-24 09:18:33,967 | 1042 triples generated for mapping rule `23` in 0.012 seconds.
DEBUG | 2023-01-24 09:18:33,983 | 1014 triples generated for mapping rule `20` in 0.012 seconds.
DEBUG | 2023-01-24 09:18:34,000 | 1043 triples generated for mapping rule `19` in 0.012 seconds.
DEBUG | 2023-01-24 09:18:34,013 | 0 triples generated for mapping rule `22` in 0.009 seconds.
DEBUG | 2023-01-24 09:18:34,022 | 1043 triples generated for mapping rule `21` in 0.009 seconds.
DEBUG | 2023-01-24 09:18:34,038 | 1043 triples generated for mapping rule `18` in 0.011 seconds.
DEBUG | 2023-01-24 09:18:34,057 | 1042 triples generated for mapping rule `24` in 0.013 seconds.
DEBUG | 2023-01-24 09:18:34,068 | 1043 triples generated for mapping rule `17` in 0.007 seconds.
DEBUG | 2023-01-24 09:18:34,084 | 2210 triples generated for mapping rule `27` in 0.012 seconds.
DEBUG | 2023-01-24 09:18:34,097 | 446 triples generated for mapping rule `26` in 0.008 seconds.
DEBUG | 2023-01-24 09:18:58,501 | 4422100 triples generated for mapping rule `34` in 24.399 seconds.
DEBUG | 2023-01-24 09:19:05,805 | 6227 triples generated for mapping rule `33` in 3.703 seconds.
DEBUG | 2023-01-24 09:19:33,092 | 4422100 triples generated for mapping rule `32` in 27.256 seconds.
DEBUG | 2023-01-24 09:19:59,896 | 4422100 triples generated for mapping rule `31` in 22.736 seconds.
DEBUG | 2023-01-24 09:20:17,098 | 4422100 triples generated for mapping rule `28` in 14.262 seconds.
DEBUG | 2023-01-24 09:20:45,551 | 4422100 triples generated for mapping rule `29` in 25.055 seconds.
DEBUG | 2023-01-24 09:21:15,721 | 4422100 triples generated for mapping rule `30` in 26.073 seconds.
DEBUG | 2023-01-24 09:21:19,787 | 40674 triples generated for mapping rule `36` in 0.168 seconds.
DEBUG | 2023-01-24 09:21:19,872 | 0 triples generated for mapping rule `39` in 0.056 seconds.
DEBUG | 2023-01-24 09:21:19,931 | 0 triples generated for mapping rule `44` in 0.058 seconds.
DEBUG | 2023-01-24 09:21:20,041 | 0 triples generated for mapping rule `46` in 0.108 seconds.
DEBUG | 2023-01-24 09:21:20,181 | 40674 triples generated for mapping rule `37` in 0.139 seconds.
DEBUG | 2023-01-24 09:21:20,330 | 40674 triples generated for mapping rule `45` in 0.127 seconds.
DEBUG | 2023-01-24 09:21:20,637 | 0 triples generated for mapping rule `42` in 0.277 seconds.
DEBUG | 2023-01-24 09:21:20,725 | 40674 triples generated for mapping rule `35` in 0.087 seconds.
DEBUG | 2023-01-24 09:21:20,930 | 40674 triples generated for mapping rule `40` in 0.177 seconds.
DEBUG | 2023-01-24 09:21:21,148 | 40674 triples generated for mapping rule `41` in 0.192 seconds.
DEBUG | 2023-01-24 09:21:21,359 | 40674 triples generated for mapping rule `38` in 0.183 seconds.
DEBUG | 2023-01-24 09:21:21,542 | 40674 triples generated for mapping rule `43` in 0.157 seconds.
DEBUG | 2023-01-24 09:22:01,333 | 6606186 triples generated for mapping rule `48` in 39.762 seconds.
DEBUG | 2023-01-24 09:22:43,725 | 6606186 triples generated for mapping rule `49` in 37.093 seconds.
DEBUG | 2023-01-24 09:22:58,985 | 0 triples generated for mapping rule `54` in 9.600 seconds.
DEBUG | 2023-01-24 09:23:27,666 | 6539883 triples generated for mapping rule `53` in 28.672 seconds.
DEBUG | 2023-01-24 09:23:42,930 | 0 triples generated for mapping rule `51` in 9.729 seconds.
DEBUG | 2023-01-24 09:24:12,301 | 6539883 triples generated for mapping rule `52` in 29.363 seconds.
DEBUG | 2023-01-24 09:24:58,562 | 6616375 triples generated for mapping rule `50` in 40.200 seconds.
DEBUG | 2023-01-24 09:25:32,933 | 13156258 triples generated for mapping rule `56` in 34.370 seconds.
DEBUG | 2023-01-24 09:26:12,093 | 6539883 triples generated for mapping rule `55` in 27.648 seconds.
DEBUG | 2023-01-24 09:26:38,816 | 6539883 triples generated for mapping rule `47` in 21.480 seconds.
INFO | 2023-01-24 09:26:44,086 | Number of triples generated in total: 80287025.
INFO | 2023-01-24 09:26:44,086 | Materialization finished in 500.808 seconds.
