OpenLink Virtuoso Interactive SQL (Virtuoso)
Version 07.20.3233 as of Jan 30 2023
Type HELP; for help and EXIT; to exit.
Connected to OpenLink Virtuoso
Driver: 07.20.3233 OpenLink Virtuoso ODBC Driver
stopSNnmbs                                                                        bluebikeSN                                                                        departureTimeSNnmbs                                                               tripname                                                                          stopGSPnmbs                                                                       bluebikeGSP                                                                       departureTimeGSPnmbs
LONG VARCHAR                                                                      LONG VARCHAR                                                                      LONG VARCHAR                                                                      LONG VARCHAR                                                                      LONG VARCHAR                                                                      LONG VARCHAR                                                                      LONG VARCHAR
_______________________________________________________________________________

http://example.com/nmbs/stops/8894508                                             1                                                                                 2023-02-21 07:02:00                                                               Poperinge                                                                         http://example.com/nmbs/stops/8892007                                             1                                                                                 2023-02-21 07:36:00
http://example.com/nmbs/stops/8894508                                             1                                                                                 2023-02-21 07:15:00                                                               La Panne                                                                          http://example.com/nmbs/stops/8892007                                             1                                                                                 2023-02-21 07:53:00
http://example.com/nmbs/stops/8894508                                             1                                                                                 2023-02-21 07:36:00                                                               Ostende                                                                           http://example.com/nmbs/stops/8892007                                             1                                                                                 2023-02-21 08:10:00

3 Rows. -- 285 msec.
OpenLink Virtuoso Interactive SQL (Virtuoso)
Version 07.20.3233 as of Jan 30 2023
Type HELP; for help and EXIT; to exit.
Connected to OpenLink Virtuoso
Driver: 07.20.3233 OpenLink Virtuoso ODBC Driver
stopSNnmbs                                                                        bluebikeSN                                                                        departureTimeSNnmbs                                                               tripname                                                                          stopGSPnmbs                                                                       bluebikeGSP                                                                       departureTimeGSPnmbs
LONG VARCHAR                                                                      LONG VARCHAR                                                                      LONG VARCHAR                                                                      LONG VARCHAR                                                                      LONG VARCHAR                                                                      LONG VARCHAR                                                                      LONG VARCHAR
_______________________________________________________________________________

http://example.com/nmbs/stops/8894508                                             1                                                                                 2023-02-21 07:02:00                                                               Poperinge                                                                         http://example.com/nmbs/stops/8892007                                             1                                                                                 2023-02-21 07:36:00
http://example.com/nmbs/stops/8894508                                             1                                                                                 2023-02-21 07:15:00                                                               La Panne                                                                          http://example.com/nmbs/stops/8892007                                             1                                                                                 2023-02-21 07:53:00
http://example.com/nmbs/stops/8894508                                             1                                                                                 2023-02-21 07:36:00                                                               Ostende                                                                           http://example.com/nmbs/stops/8892007                                             1                                                                                 2023-02-21 08:10:00

3 Rows. -- 286 msec.
OpenLink Virtuoso Interactive SQL (Virtuoso)
Version 07.20.3233 as of Jan 30 2023
Type HELP; for help and EXIT; to exit.
Connected to OpenLink Virtuoso
Driver: 07.20.3233 OpenLink Virtuoso ODBC Driver
stopSNnmbs                                                                        bluebikeSN                                                                        departureTimeSNnmbs                                                               tripname                                                                          stopGSPnmbs                                                                       bluebikeGSP                                                                       departureTimeGSPnmbs
LONG VARCHAR                                                                      LONG VARCHAR                                                                      LONG VARCHAR                                                                      LONG VARCHAR                                                                      LONG VARCHAR                                                                      LONG VARCHAR                                                                      LONG VARCHAR
_______________________________________________________________________________

http://example.com/nmbs/stops/8894508                                             1                                                                                 2023-02-21 07:02:00                                                               Poperinge                                                                         http://example.com/nmbs/stops/8892007                                             1                                                                                 2023-02-21 07:36:00
http://example.com/nmbs/stops/8894508                                             1                                                                                 2023-02-21 07:15:00                                                               La Panne                                                                          http://example.com/nmbs/stops/8892007                                             1                                                                                 2023-02-21 07:53:00
http://example.com/nmbs/stops/8894508                                             1                                                                                 2023-02-21 07:36:00                                                               Ostende                                                                           http://example.com/nmbs/stops/8892007                                             1                                                                                 2023-02-21 08:10:00

3 Rows. -- 3014 msec.
OpenLink Virtuoso Interactive SQL (Virtuoso)
Version 07.20.3233 as of Jan 30 2023
Type HELP; for help and EXIT; to exit.
Connected to OpenLink Virtuoso
Driver: 07.20.3233 OpenLink Virtuoso ODBC Driver
stopSNnmbs                                                                        bluebikeSN                                                                        departureTimeSNnmbs                                                               tripname                                                                          stopGSPnmbs                                                                       bluebikeGSP                                                                       departureTimeGSPnmbs
LONG VARCHAR                                                                      LONG VARCHAR                                                                      LONG VARCHAR                                                                      LONG VARCHAR                                                                      LONG VARCHAR                                                                      LONG VARCHAR                                                                      LONG VARCHAR
_______________________________________________________________________________

http://example.com/nmbs/stops/8894508                                             1                                                                                 2023-02-21 07:02:00                                                               Poperinge                                                                         http://example.com/nmbs/stops/8892007                                             1                                                                                 2023-02-21 07:36:00
http://example.com/nmbs/stops/8894508                                             1                                                                                 2023-02-21 07:15:00                                                               La Panne                                                                          http://example.com/nmbs/stops/8892007                                             1                                                                                 2023-02-21 07:53:00
http://example.com/nmbs/stops/8894508                                             1                                                                                 2023-02-21 07:36:00                                                               Ostende                                                                           http://example.com/nmbs/stops/8892007                                             1                                                                                 2023-02-21 08:10:00

3 Rows. -- 302 msec.
OpenLink Virtuoso Interactive SQL (Virtuoso)
Version 07.20.3233 as of Jan 30 2023
Type HELP; for help and EXIT; to exit.
Connected to OpenLink Virtuoso
Driver: 07.20.3233 OpenLink Virtuoso ODBC Driver
stopSNnmbs                                                                        bluebikeSN                                                                        departureTimeSNnmbs                                                               tripname                                                                          stopGSPnmbs                                                                       bluebikeGSP                                                                       departureTimeGSPnmbs
LONG VARCHAR                                                                      LONG VARCHAR                                                                      LONG VARCHAR                                                                      LONG VARCHAR                                                                      LONG VARCHAR                                                                      LONG VARCHAR                                                                      LONG VARCHAR
_______________________________________________________________________________

http://example.com/nmbs/stops/8894508                                             1                                                                                 2023-02-21 07:02:00                                                               Poperinge                                                                         http://example.com/nmbs/stops/8892007                                             1                                                                                 2023-02-21 07:36:00
http://example.com/nmbs/stops/8894508                                             1                                                                                 2023-02-21 07:15:00                                                               La Panne                                                                          http://example.com/nmbs/stops/8892007                                             1                                                                                 2023-02-21 07:53:00
http://example.com/nmbs/stops/8894508                                             1                                                                                 2023-02-21 07:36:00                                                               Ostende                                                                           http://example.com/nmbs/stops/8892007                                             1                                                                                 2023-02-21 08:10:00

3 Rows. -- 288 msec.
OpenLink Virtuoso Interactive SQL (Virtuoso)
Version 07.20.3233 as of Jan 30 2023
Type HELP; for help and EXIT; to exit.
Connected to OpenLink Virtuoso
Driver: 07.20.3233 OpenLink Virtuoso ODBC Driver
stopSNnmbs                                                                        bluebikeSN                                                                        departureTimeSNnmbs                                                               tripname                                                                          stopGSPnmbs                                                                       bluebikeGSP                                                                       departureTimeGSPnmbs
LONG VARCHAR                                                                      LONG VARCHAR                                                                      LONG VARCHAR                                                                      LONG VARCHAR                                                                      LONG VARCHAR                                                                      LONG VARCHAR                                                                      LONG VARCHAR
_______________________________________________________________________________

http://example.com/nmbs/stops/8894508                                             1                                                                                 2023-02-21 07:02:00                                                               Poperinge                                                                         http://example.com/nmbs/stops/8892007                                             1                                                                                 2023-02-21 07:36:00
http://example.com/nmbs/stops/8894508                                             1                                                                                 2023-02-21 07:15:00                                                               La Panne                                                                          http://example.com/nmbs/stops/8892007                                             1                                                                                 2023-02-21 07:53:00
http://example.com/nmbs/stops/8894508                                             1                                                                                 2023-02-21 07:36:00                                                               Ostende                                                                           http://example.com/nmbs/stops/8892007                                             1                                                                                 2023-02-21 08:10:00

3 Rows. -- 2959 msec.
