DEBUG | 2023-01-31 16:54:42,358 | CONFIGURATION: {'na_values': ',#N/A,N/A,#N/A N/A,n/a,NA,<NA>,#NA,NULL,null,NaN,nan,None', 'output_file': '/home/thomas/graphs/knowledge-graph-delijn.nt', 'output_dir': '', 'output_format': 'N-TRIPLES', 'only_printable_characters': 'no', 'safe_percent_encoding': '', 'mapping_partitioning': 'MAXIMAL', 'number_of_processes': '10', 'logging_level': 'DEBUG', 'logging_file': '/home/thomas/graphs/log/morph-log-delijn-no-shapes.log', 'read_parsed_mappings_path': '', 'write_parsed_mappings_path': '', 'oracle_client_lib_dir': '', 'oracle_client_config_dir': '', 'infer_sql_datatypes': 'no'}
DEBUG | 2023-01-31 16:54:42,358 | DATA SOURCE `Datasource1`: {'mappings': '/home/thomas/data/rml/gtfs-delijn-csv.rml.ttl'}
DEBUG | 2023-01-31 16:54:44,758 | Removed self-join from mapping rule `27`.
INFO | 2023-01-31 16:54:44,762 | 57 mapping rules retrieved.
INFO | 2023-01-31 16:54:44,915 | Mapping partition with 57 groups generated.
INFO | 2023-01-31 16:54:44,916 | Maximum number of rules within mapping group: 1.
INFO | 2023-01-31 16:54:44,918 | Mappings processed in 2.557 seconds.
DEBUG | 2023-01-31 16:54:45,433 | Parallelizing with 10 cores.
DEBUG | 2023-01-31 16:54:45,479 | 1 triples generated for mapping rule `10` in 0.014 seconds.
DEBUG | 2023-01-31 16:54:45,483 | 1 triples generated for mapping rule `15` in 0.016 seconds.
DEBUG | 2023-01-31 16:54:45,483 | 1 triples generated for mapping rule `14` in 0.016 seconds.
DEBUG | 2023-01-31 16:54:45,483 | 1 triples generated for mapping rule `11` in 0.015 seconds.
DEBUG | 2023-01-31 16:54:45,486 | 2210 triples generated for mapping rule `6` in 0.023 seconds.
DEBUG | 2023-01-31 16:54:45,487 | 1 triples generated for mapping rule `1` in 0.024 seconds.
DEBUG | 2023-01-31 16:54:45,493 | 1 triples generated for mapping rule `4` in 0.031 seconds.
DEBUG | 2023-01-31 16:54:45,488 | 1 triples generated for mapping rule `0` in 0.026 seconds.
DEBUG | 2023-01-31 16:54:45,491 | 2210 triples generated for mapping rule `7` in 0.027 seconds.
DEBUG | 2023-01-31 16:54:45,495 | 1043 triples generated for mapping rule `25` in 0.025 seconds.
DEBUG | 2023-01-31 16:54:45,527 | 1 triples generated for mapping rule `16` in 0.008 seconds.
DEBUG | 2023-01-31 16:54:45,553 | 1 triples generated for mapping rule `9` in 0.009 seconds.
DEBUG | 2023-01-31 16:54:45,553 | 1 triples generated for mapping rule `5` in 0.009 seconds.
DEBUG | 2023-01-31 16:54:45,554 | 1 triples generated for mapping rule `3` in 0.010 seconds.
DEBUG | 2023-01-31 16:54:45,555 | 1 triples generated for mapping rule `12` in 0.009 seconds.
DEBUG | 2023-01-31 16:54:45,556 | 1 triples generated for mapping rule `2` in 0.012 seconds.
DEBUG | 2023-01-31 16:54:45,557 | 1 triples generated for mapping rule `13` in 0.013 seconds.
DEBUG | 2023-01-31 16:54:45,559 | 1042 triples generated for mapping rule `23` in 0.015 seconds.
DEBUG | 2023-01-31 16:54:45,565 | 1014 triples generated for mapping rule `20` in 0.021 seconds.
DEBUG | 2023-01-31 16:54:45,574 | 2210 triples generated for mapping rule `8` in 0.030 seconds.
DEBUG | 2023-01-31 16:54:45,603 | 1043 triples generated for mapping rule `19` in 0.015 seconds.
DEBUG | 2023-01-31 16:54:45,632 | 1042 triples generated for mapping rule `24` in 0.013 seconds.
DEBUG | 2023-01-31 16:54:45,632 | 0 triples generated for mapping rule `22` in 0.013 seconds.
DEBUG | 2023-01-31 16:54:45,638 | 2210 triples generated for mapping rule `27` in 0.017 seconds.
DEBUG | 2023-01-31 16:54:45,716 | 0 triples generated for mapping rule `32` in 0.095 seconds.
DEBUG | 2023-01-31 16:54:45,743 | 1043 triples generated for mapping rule `17` in 0.013 seconds.
DEBUG | 2023-01-31 16:54:45,747 | 1043 triples generated for mapping rule `21` in 0.018 seconds.
DEBUG | 2023-01-31 16:54:45,751 | 0 triples generated for mapping rule `37` in 0.095 seconds.
DEBUG | 2023-01-31 16:54:45,801 | 40674 triples generated for mapping rule `28` in 0.144 seconds.
DEBUG | 2023-01-31 16:54:45,830 | 446 triples generated for mapping rule `26` in 0.009 seconds.
DEBUG | 2023-01-31 16:54:45,835 | 1043 triples generated for mapping rule `18` in 0.015 seconds.
DEBUG | 2023-01-31 16:54:45,874 | 40674 triples generated for mapping rule `38` in 0.217 seconds.
DEBUG | 2023-01-31 16:54:45,925 | 40674 triples generated for mapping rule `30` in 0.269 seconds.
DEBUG | 2023-01-31 16:54:45,934 | 40674 triples generated for mapping rule `31` in 0.312 seconds.
DEBUG | 2023-01-31 16:54:46,108 | 40674 triples generated for mapping rule `34` in 0.287 seconds.
DEBUG | 2023-01-31 16:54:46,126 | 0 triples generated for mapping rule `39` in 0.189 seconds.
DEBUG | 2023-01-31 16:54:46,159 | 0 triples generated for mapping rule `35` in 0.125 seconds.
DEBUG | 2023-01-31 16:54:46,305 | 40674 triples generated for mapping rule `33` in 0.363 seconds.
DEBUG | 2023-01-31 16:54:46,582 | 40674 triples generated for mapping rule `36` in 0.477 seconds.
DEBUG | 2023-01-31 16:54:46,619 | 0 triples generated for mapping rule `54` in 0.452 seconds.
DEBUG | 2023-01-31 16:54:46,641 | 40674 triples generated for mapping rule `29` in 0.540 seconds.
DEBUG | 2023-01-31 16:54:47,409 | 126964 triples generated for mapping rule `55` in 1.019 seconds.
DEBUG | 2023-01-31 16:54:47,410 | 126964 triples generated for mapping rule `50` in 0.770 seconds.
DEBUG | 2023-01-31 16:54:47,428 | 126964 triples generated for mapping rule `51` in 1.255 seconds.
DEBUG | 2023-01-31 16:54:47,552 | 126964 triples generated for mapping rule `53` in 0.922 seconds.
DEBUG | 2023-01-31 16:54:48,358 | 126964 triples generated for mapping rule `56` in 0.703 seconds.
DEBUG | 2023-01-31 16:54:48,462 | 126964 triples generated for mapping rule `52` in 0.798 seconds.
DEBUG | 2023-01-31 16:54:56,147 | 0 triples generated for mapping rule `44` in 10.207 seconds.
DEBUG | 2023-01-31 16:54:56,939 | 0 triples generated for mapping rule `47` in 10.999 seconds.
DEBUG | 2023-01-31 16:55:17,646 | 6539883 triples generated for mapping rule `48` in 31.489 seconds.
DEBUG | 2023-01-31 16:55:30,137 | 6606186 triples generated for mapping rule `41` in 44.196 seconds.
DEBUG | 2023-01-31 16:55:31,301 | 6539883 triples generated for mapping rule `45` in 35.134 seconds.
DEBUG | 2023-01-31 16:55:31,480 | 6539883 triples generated for mapping rule `46` in 34.540 seconds.
DEBUG | 2023-01-31 16:55:32,362 | 6616375 triples generated for mapping rule `43` in 46.338 seconds.
DEBUG | 2023-01-31 16:55:47,664 | 6539883 triples generated for mapping rule `40` in 24.764 seconds.
DEBUG | 2023-01-31 16:56:18,107 | 6539883 triples generated for mapping rule `49` in 30.467 seconds.
DEBUG | 2023-01-31 16:56:24,800 | 6606186 triples generated for mapping rule `42` in 37.145 seconds.
INFO | 2023-01-31 16:56:31,293 | Number of triples generated in total: 53632951.
INFO | 2023-01-31 16:56:31,293 | Materialization finished in 105.860 seconds.
