DEBUG | 2023-02-13 16:11:57,115 | CONFIGURATION: {'na_values': ',#N/A,N/A,#N/A N/A,n/a,NA,<NA>,#NA,NULL,null,NaN,nan,None', 'output_file': '/home/thomas/graphs/knowledge-graph-delijn-test.nt', 'output_dir': '', 'output_format': 'N-TRIPLES', 'only_printable_characters': 'no', 'safe_percent_encoding': '', 'mapping_partitioning': 'MAXIMAL', 'number_of_processes': '1', 'logging_level': 'DEBUG', 'logging_file': '/home/thomas/graphs/log/morph-log-delijn-rml.log', 'read_parsed_mappings_path': '', 'write_parsed_mappings_path': '', 'oracle_client_lib_dir': '', 'oracle_client_config_dir': '', 'infer_sql_datatypes': 'no'}
DEBUG | 2023-02-13 16:11:57,115 | DATA SOURCE `Datasource1`: {'mappings': '/home/thomas/data/rml/gtfs-delijn-rdf.rml.ttl'}
INFO | 2023-02-13 16:11:57,836 | 51 mapping rules retrieved.
INFO | 2023-02-13 16:11:58,241 | Mapping partition with 50 groups generated.
INFO | 2023-02-13 16:11:58,241 | Maximum number of rules within mapping group: 2.
INFO | 2023-02-13 16:11:58,242 | Mappings processed in 1.125 seconds.
DEBUG | 2023-02-13 16:11:58,252 | 1 triples generated for mapping rule `3` in 0.007 seconds.
DEBUG | 2023-02-13 16:11:58,266 | 1 triples generated for mapping rule `0` in 0.007 seconds.
DEBUG | 2023-02-13 16:11:58,275 | 1 triples generated for mapping rule `2` in 0.006 seconds.
DEBUG | 2023-02-13 16:11:58,283 | 1 triples generated for mapping rule `5` in 0.004 seconds.
DEBUG | 2023-02-13 16:11:58,292 | 1 triples generated for mapping rule `1` in 0.005 seconds.
DEBUG | 2023-02-13 16:11:58,301 | 1 triples generated for mapping rule `4` in 0.006 seconds.
DEBUG | 2023-02-13 16:11:58,318 | 1901 triples generated for mapping rule `6` in 0.013 seconds.
DEBUG | 2023-02-13 16:11:58,342 | 1901 triples generated for mapping rule `7` in 0.018 seconds.
DEBUG | 2023-02-13 16:11:58,361 | 1901 triples generated for mapping rule `8` in 0.012 seconds.
DEBUG | 2023-02-13 16:11:58,375 | 1 triples generated for mapping rule `11` in 0.007 seconds.
DEBUG | 2023-02-13 16:11:58,382 | 2 triples generated for mapping rule `12` in 0.007 seconds.
DEBUG | 2023-02-13 16:11:58,391 | 1 triples generated for mapping rule `10` in 0.005 seconds.
DEBUG | 2023-02-13 16:11:58,408 | 1 triples generated for mapping rule `14` in 0.008 seconds.
DEBUG | 2023-02-13 16:11:58,418 | 1 triples generated for mapping rule `13` in 0.006 seconds.
DEBUG | 2023-02-13 16:11:58,427 | 1 triples generated for mapping rule `9` in 0.006 seconds.
DEBUG | 2023-02-13 16:11:58,444 | 1 triples generated for mapping rule `15` in 0.007 seconds.
DEBUG | 2023-02-13 16:11:58,459 | 1086 triples generated for mapping rule `18` in 0.011 seconds.
DEBUG | 2023-02-13 16:11:58,484 | 1113 triples generated for mapping rule `21` in 0.014 seconds.
DEBUG | 2023-02-13 16:11:58,500 | 1115 triples generated for mapping rule `17` in 0.010 seconds.
DEBUG | 2023-02-13 16:11:58,518 | 1115 triples generated for mapping rule `19` in 0.013 seconds.
DEBUG | 2023-02-13 16:11:58,539 | 0 triples generated for mapping rule `20` in 0.011 seconds.
DEBUG | 2023-02-13 16:11:58,550 | 1115 triples generated for mapping rule `16` in 0.010 seconds.
DEBUG | 2023-02-13 16:11:58,565 | 1113 triples generated for mapping rule `22` in 0.010 seconds.
DEBUG | 2023-02-13 16:11:58,577 | 1115 triples generated for mapping rule `23` in 0.006 seconds.
DEBUG | 2023-02-13 16:11:58,645 | 0 triples generated for mapping rule `27` in 0.063 seconds.
DEBUG | 2023-02-13 16:11:58,820 | 40666 triples generated for mapping rule `26` in 0.174 seconds.
DEBUG | 2023-02-13 16:11:59,053 | 40666 triples generated for mapping rule `31` in 0.203 seconds.
DEBUG | 2023-02-13 16:11:59,243 | 40666 triples generated for mapping rule `25` in 0.145 seconds.
DEBUG | 2023-02-13 16:11:59,456 | 40666 triples generated for mapping rule `24` in 0.187 seconds.
DEBUG | 2023-02-13 16:11:59,547 | 0 triples generated for mapping rule `32` in 0.060 seconds.
DEBUG | 2023-02-13 16:11:59,702 | 40666 triples generated for mapping rule `33` in 0.155 seconds.
DEBUG | 2023-02-13 16:11:59,794 | 0 triples generated for mapping rule `30` in 0.066 seconds.
DEBUG | 2023-02-13 16:11:59,879 | 40666 triples generated for mapping rule `34` in 0.084 seconds.
DEBUG | 2023-02-13 16:12:00,091 | 40666 triples generated for mapping rule `28` in 0.181 seconds.
DEBUG | 2023-02-13 16:12:00,296 | 40666 triples generated for mapping rule `29` in 0.174 seconds.
DEBUG | 2023-02-13 16:13:50,781 | 9436624 triples generated for mapping rule `36` in 110.453 seconds.
