DEBUG | 2023-01-30 22:35:29,397 | CONFIGURATION: {'na_values': ',#N/A,N/A,#N/A N/A,n/a,NA,<NA>,#NA,NULL,null,NaN,nan,None', 'output_file': '/home/thomas/graphs/knowledge-graph-mivb.nt', 'output_dir': '', 'output_format': 'N-TRIPLES', 'only_printable_characters': 'no', 'safe_percent_encoding': '', 'number_of_processes': '3', 'logging_level': 'DEBUG', 'logging_file': '/home/thomas/graphs/log/morph-log-mivb.log', 'read_parsed_mappings_path': '', 'write_parsed_mappings_path': '', 'mapping_partitioning': 'PARTIAL-AGGREGATIONS', 'oracle_client_lib_dir': '', 'oracle_client_config_dir': '', 'infer_sql_datatypes': 'no'}
DEBUG | 2023-01-30 22:35:29,397 | DATA SOURCE `Datasource1`: {'mappings': '/home/thomas/data/rml/gtfs-mivb-csv.rml.ttl'}
DEBUG | 2023-01-30 22:35:31,872 | Removed self-join from mapping rule `28`.
DEBUG | 2023-01-30 22:35:31,873 | Removed self-join from mapping rule `30`.
INFO | 2023-01-30 22:35:31,877 | 61 mapping rules retrieved.
INFO | 2023-01-30 22:35:31,899 | Mapping partition with 55 groups generated.
INFO | 2023-01-30 22:35:31,899 | Maximum number of rules within mapping group: 2.
INFO | 2023-01-30 22:35:31,901 | Mappings processed in 2.503 seconds.
DEBUG | 2023-01-30 22:35:31,902 | Parallelizing with 3 cores.
DEBUG | 2023-01-30 22:35:31,922 | 1 triples generated for mapping rule `3` in 0.009 seconds.
DEBUG | 2023-01-30 22:35:31,924 | 1 triples generated for mapping rule `5` in 0.009 seconds.
DEBUG | 2023-01-30 22:35:31,928 | 444 triples generated for mapping rule `10` in 0.013 seconds.
DEBUG | 2023-01-30 22:35:31,933 | 1 triples generated for mapping rule `0` in 0.004 seconds.
DEBUG | 2023-01-30 22:35:31,944 | 444 triples generated for mapping rule `15` in 0.008 seconds.
DEBUG | 2023-01-30 22:35:31,945 | 224 triples generated for mapping rule `7` in 0.012 seconds.
DEBUG | 2023-01-30 22:35:31,948 | 1 triples generated for mapping rule `2` in 0.008 seconds.
DEBUG | 2023-01-30 22:35:31,968 | 444 triples generated for mapping rule `16` in 0.011 seconds.
DEBUG | 2023-01-30 22:35:31,974 | 1 triples generated for mapping rule `1` in 0.008 seconds.
DEBUG | 2023-01-30 22:35:31,977 | 224 triples generated for mapping rule `8` in 0.010 seconds.
DEBUG | 2023-01-30 22:35:31,989 | 444 triples generated for mapping rule `13` in 0.011 seconds.
DEBUG | 2023-01-30 22:35:31,997 | 1 triples generated for mapping rule `4` in 0.008 seconds.
DEBUG | 2023-01-30 22:35:32,004 | 224 triples generated for mapping rule `6` in 0.011 seconds.
DEBUG | 2023-01-30 22:35:32,009 | 444 triples generated for mapping rule `11` in 0.012 seconds.
DEBUG | 2023-01-30 22:35:32,010 | 444 triples generated for mapping rule `12` in 0.008 seconds.
DEBUG | 2023-01-30 22:35:32,016 | 444 triples generated for mapping rule `14` in 0.007 seconds.
DEBUG | 2023-01-30 22:35:32,036 | 92 triples generated for mapping rule `21` in 0.009 seconds.
DEBUG | 2023-01-30 22:35:32,039 | 444 triples generated for mapping rule `9` in 0.009 seconds.
DEBUG | 2023-01-30 22:35:32,041 | 92 triples generated for mapping rule `19` in 0.006 seconds.
DEBUG | 2023-01-30 22:35:32,047 | 0 triples generated for mapping rule `22` in 0.006 seconds.
DEBUG | 2023-01-30 22:35:32,054 | 0 triples generated for mapping rule `24` in 0.004 seconds.
DEBUG | 2023-01-30 22:35:32,055 | 444 triples generated for mapping rule `18` in 0.010 seconds.
DEBUG | 2023-01-30 22:35:32,056 | 224 triples generated for mapping rule `30` in 0.007 seconds.
DEBUG | 2023-01-30 22:35:32,059 | 92 triples generated for mapping rule `23` in 0.005 seconds.
DEBUG | 2023-01-30 22:35:32,064 | 668 triples generated for mapping rule `28` in 0.008 seconds.
DEBUG | 2023-01-30 22:35:32,070 | 444 triples generated for mapping rule `17` in 0.009 seconds.
DEBUG | 2023-01-30 22:35:32,073 | 92 triples generated for mapping rule `20` in 0.008 seconds.
DEBUG | 2023-01-30 22:35:32,075 | 69 triples generated for mapping rule `29` in 0.004 seconds.
DEBUG | 2023-01-30 22:35:32,080 | 444 triples generated for mapping rule `27` in 0.005 seconds.
DEBUG | 2023-01-30 22:35:32,082 | 92 triples generated for mapping rule `25` in 0.006 seconds.
DEBUG | 2023-01-30 22:35:32,085 | 92 triples generated for mapping rule `26` in 0.006 seconds.
DEBUG | 2023-01-30 22:35:32,099 | 2829 triples generated for mapping rule `40` in 0.013 seconds.
DEBUG | 2023-01-30 22:35:32,112 | 416 triples generated for mapping rule `41` in 0.022 seconds.
DEBUG | 2023-01-30 22:35:32,114 | 2829 triples generated for mapping rule `37` in 0.020 seconds.
DEBUG | 2023-01-30 22:35:32,127 | 0 triples generated for mapping rule `35` in 0.015 seconds.
DEBUG | 2023-01-30 22:35:32,137 | 2829 triples generated for mapping rule `33` in 0.017 seconds.
DEBUG | 2023-01-30 22:35:32,151 | 2829 triples generated for mapping rule `34` in 0.020 seconds.
DEBUG | 2023-01-30 22:35:32,163 | 0 triples generated for mapping rule `38` in 0.013 seconds.
DEBUG | 2023-01-30 22:35:32,169 | 0 triples generated for mapping rule `39` in 0.011 seconds.
DEBUG | 2023-01-30 22:35:32,173 | 2829 triples generated for mapping rule `31` in 0.009 seconds.
DEBUG | 2023-01-30 22:35:32,179 | 0 triples generated for mapping rule `32` in 0.009 seconds.
DEBUG | 2023-01-30 22:35:32,200 | 2829 triples generated for mapping rule `36` in 0.020 seconds.
DEBUG | 2023-01-30 22:35:43,599 | 1878699 triples generated for mapping rule `47` in 11.469 seconds.
DEBUG | 2023-01-30 22:35:44,706 | 1878699 triples generated for mapping rule `43` in 12.498 seconds.
DEBUG | 2023-01-30 22:35:46,243 | 1830 triples generated for mapping rule `52` in 0.015 seconds.
DEBUG | 2023-01-30 22:35:46,445 | 1878699 triples generated for mapping rule `44` in 14.265 seconds.
DEBUG | 2023-01-30 22:35:46,646 | 87497 triples generated for mapping rule `53` in 0.403 seconds.
DEBUG | 2023-01-30 22:35:46,912 | 1195 triples generated for mapping rule `50` in 0.010 seconds.
DEBUG | 2023-01-30 22:35:47,144 | 2390 triples generated for mapping rule `51` in 0.018 seconds.
DEBUG | 2023-01-30 22:35:47,808 | 92334 triples generated for mapping rule `56` in 0.419 seconds.
DEBUG | 2023-01-30 22:35:48,054 | 92334 triples generated for mapping rule `55` in 0.389 seconds.
DEBUG | 2023-01-30 22:35:48,427 | 92334 triples generated for mapping rule `60` in 0.315 seconds.
DEBUG | 2023-01-30 22:35:48,700 | 13168 triples generated for mapping rule `59` in 0.201 seconds.
DEBUG | 2023-01-30 22:35:49,027 | 92334 triples generated for mapping rule `58` in 0.328 seconds.
DEBUG | 2023-01-30 22:35:49,288 | 92334 triples generated for mapping rule `54` in 0.189 seconds.
DEBUG | 2023-01-30 22:35:49,722 | 92334 triples generated for mapping rule `57` in 0.360 seconds.
DEBUG | 2023-01-30 22:35:55,606 | 1878699 triples generated for mapping rule `46` in 10.552 seconds.
DEBUG | 2023-01-30 22:36:10,194 | 1878699 triples generated for mapping rule `45` in 13.189 seconds.
DEBUG | 2023-01-30 22:36:21,437 | 3757398 triples generated for mapping rule `49` in 11.243 seconds.
DEBUG | 2023-01-30 22:36:34,789 | 1878699 triples generated for mapping rule `48` in 10.535 seconds.
DEBUG | 2023-01-30 22:36:45,039 | 1878699 triples generated for mapping rule `42` in 8.838 seconds.
INFO | 2023-01-30 22:36:46,450 | Number of triples generated in total: 15698850.
INFO | 2023-01-30 22:36:46,450 | Materialization finished in 74.548 seconds.
