DEBUG | 2023-01-30 22:40:26,016 | CONFIGURATION: {'na_values': ',#N/A,N/A,#N/A N/A,n/a,NA,<NA>,#NA,NULL,null,NaN,nan,None', 'output_file': '/home/thomas/graphs/knowledge-graph-tec.nt', 'output_dir': '', 'output_format': 'N-TRIPLES', 'only_printable_characters': 'no', 'safe_percent_encoding': '', 'number_of_processes': '8', 'logging_level': 'DEBUG', 'logging_file': '/home/thomas/graphs/log/morph-log-tec.log', 'read_parsed_mappings_path': '', 'write_parsed_mappings_path': '', 'mapping_partitioning': 'PARTIAL-AGGREGATIONS', 'oracle_client_lib_dir': '', 'oracle_client_config_dir': '', 'infer_sql_datatypes': 'no'}
DEBUG | 2023-01-30 22:40:26,016 | DATA SOURCE `Datasource1`: {'mappings': '/home/thomas/data/rml/gtfs-tec-csv.rml.ttl'}
DEBUG | 2023-01-30 22:40:28,014 | Removed self-join from mapping rule `25`.
INFO | 2023-01-30 22:40:28,018 | 50 mapping rules retrieved.
INFO | 2023-01-30 22:40:28,038 | Mapping partition with 46 groups generated.
INFO | 2023-01-30 22:40:28,038 | Maximum number of rules within mapping group: 2.
INFO | 2023-01-30 22:40:28,040 | Mappings processed in 2.022 seconds.
DEBUG | 2023-01-30 22:40:28,041 | Parallelizing with 8 cores.
DEBUG | 2023-01-30 22:40:28,075 | 5 triples generated for mapping rule `5` in 0.014 seconds.
DEBUG | 2023-01-30 22:40:28,075 | 1 triples generated for mapping rule `10` in 0.013 seconds.
DEBUG | 2023-01-30 22:40:28,076 | 5 triples generated for mapping rule `2` in 0.014 seconds.
DEBUG | 2023-01-30 22:40:28,076 | 1 triples generated for mapping rule `14` in 0.009 seconds.
DEBUG | 2023-01-30 22:40:28,076 | 5 triples generated for mapping rule `3` in 0.014 seconds.
DEBUG | 2023-01-30 22:40:28,079 | 1064 triples generated for mapping rule `6` in 0.016 seconds.
DEBUG | 2023-01-30 22:40:28,080 | 0 triples generated for mapping rule `16` in 0.012 seconds.
DEBUG | 2023-01-30 22:40:28,082 | 1064 triples generated for mapping rule `7` in 0.019 seconds.
DEBUG | 2023-01-30 22:40:28,085 | 1 triples generated for mapping rule `11` in 0.005 seconds.
DEBUG | 2023-01-30 22:40:28,087 | 5 triples generated for mapping rule `4` in 0.006 seconds.
DEBUG | 2023-01-30 22:40:28,093 | 0 triples generated for mapping rule `15` in 0.007 seconds.
DEBUG | 2023-01-30 22:40:28,108 | 870 triples generated for mapping rule `19` in 0.022 seconds.
DEBUG | 2023-01-30 22:40:28,114 | 5 triples generated for mapping rule `0` in 0.009 seconds.
DEBUG | 2023-01-30 22:40:28,114 | 1 triples generated for mapping rule `9` in 0.010 seconds.
DEBUG | 2023-01-30 22:40:28,115 | 5 triples generated for mapping rule `1` in 0.011 seconds.
DEBUG | 2023-01-30 22:40:28,116 | 1 triples generated for mapping rule `12` in 0.008 seconds.
DEBUG | 2023-01-30 22:40:28,121 | 1 triples generated for mapping rule `13` in 0.005 seconds.
DEBUG | 2023-01-30 22:40:28,122 | 0 triples generated for mapping rule `22` in 0.013 seconds.
DEBUG | 2023-01-30 22:40:28,124 | 870 triples generated for mapping rule `18` in 0.014 seconds.
DEBUG | 2023-01-30 22:40:28,126 | 870 triples generated for mapping rule `23` in 0.012 seconds.
DEBUG | 2023-01-30 22:40:28,126 | 1064 triples generated for mapping rule `8` in 0.018 seconds.
DEBUG | 2023-01-30 22:40:28,127 | 107 triples generated for mapping rule `24` in 0.008 seconds.
DEBUG | 2023-01-30 22:40:28,131 | 870 triples generated for mapping rule `21` in 0.008 seconds.
DEBUG | 2023-01-30 22:40:28,141 | 870 triples generated for mapping rule `17` in 0.008 seconds.
DEBUG | 2023-01-30 22:40:28,155 | 1064 triples generated for mapping rule `25` in 0.009 seconds.
DEBUG | 2023-01-30 22:40:28,165 | 0 triples generated for mapping rule `20` in 0.012 seconds.
DEBUG | 2023-01-30 22:40:28,201 | 0 triples generated for mapping rule `27` in 0.049 seconds.
DEBUG | 2023-01-30 22:40:28,202 | 0 triples generated for mapping rule `34` in 0.044 seconds.
DEBUG | 2023-01-30 22:40:28,300 | 31591 triples generated for mapping rule `35` in 0.177 seconds.
DEBUG | 2023-01-30 22:40:28,347 | 31591 triples generated for mapping rule `33` in 0.224 seconds.
DEBUG | 2023-01-30 22:40:28,355 | 31591 triples generated for mapping rule `31` in 0.229 seconds.
DEBUG | 2023-01-30 22:40:28,363 | 31591 triples generated for mapping rule `29` in 0.209 seconds.
DEBUG | 2023-01-30 22:40:28,387 | 0 triples generated for mapping rule `30` in 0.053 seconds.
DEBUG | 2023-01-30 22:40:28,472 | 31591 triples generated for mapping rule `26` in 0.080 seconds.
DEBUG | 2023-01-30 22:40:28,553 | 31591 triples generated for mapping rule `28` in 0.161 seconds.
DEBUG | 2023-01-30 22:40:28,569 | 31591 triples generated for mapping rule `32` in 0.177 seconds.
DEBUG | 2023-01-30 22:40:29,588 | 180461 triples generated for mapping rule `49` in 1.085 seconds.
DEBUG | 2023-01-30 22:40:29,773 | 180399 triples generated for mapping rule `47` in 1.383 seconds.
DEBUG | 2023-01-30 22:40:29,952 | 180461 triples generated for mapping rule `45` in 1.353 seconds.
DEBUG | 2023-01-30 22:40:30,527 | 53152 triples generated for mapping rule `48` in 0.774 seconds.
DEBUG | 2023-01-30 22:40:30,785 | 180461 triples generated for mapping rule `44` in 0.690 seconds.
DEBUG | 2023-01-30 22:40:30,927 | 180461 triples generated for mapping rule `46` in 1.021 seconds.
DEBUG | 2023-01-30 22:41:00,134 | 5525043 triples generated for mapping rule `36` in 31.932 seconds.
DEBUG | 2023-01-30 22:41:07,849 | 5525043 triples generated for mapping rule `41` in 39.679 seconds.
DEBUG | 2023-01-30 22:41:14,547 | 5525043 triples generated for mapping rule `38` in 46.345 seconds.
DEBUG | 2023-01-30 22:41:15,972 | 5525847 triples generated for mapping rule `39` in 47.801 seconds.
DEBUG | 2023-01-30 22:41:44,258 | 5525043 triples generated for mapping rule `37` in 38.876 seconds.
DEBUG | 2023-01-30 22:41:49,159 | 5525043 triples generated for mapping rule `40` in 36.200 seconds.
DEBUG | 2023-01-30 22:41:54,210 | 11050890 triples generated for mapping rule `43` in 38.238 seconds.
DEBUG | 2023-01-30 22:42:38,586 | 5525043 triples generated for mapping rule `42` in 34.794 seconds.
INFO | 2023-01-30 22:42:43,439 | Number of triples generated in total: 45386428.
INFO | 2023-01-30 22:42:43,439 | Materialization finished in 135.398 seconds.
