DEBUG | 2023-02-09 15:39:21,920 | CONFIGURATION: {'na_values': ',#N/A,N/A,#N/A N/A,n/a,NA,<NA>,#NA,NULL,null,NaN,nan,None', 'output_file': '/home/thomas/graphs/knowledge-graph-delijn.nt', 'output_dir': '', 'output_format': 'N-TRIPLES', 'only_printable_characters': 'no', 'safe_percent_encoding': '', 'mapping_partitioning': 'MAXIMAL', 'number_of_processes': '1', 'logging_level': 'DEBUG', 'logging_file': '/home/thomas/graphs/log/morph-log-delijn.log', 'read_parsed_mappings_path': '', 'write_parsed_mappings_path': '', 'oracle_client_lib_dir': '', 'oracle_client_config_dir': '', 'infer_sql_datatypes': 'no'}
DEBUG | 2023-02-09 15:39:21,920 | DATA SOURCE `Datasource1`: {'mappings': '/home/thomas/data/rml/gtfs-delijn-csv.rml.ttl'}
DEBUG | 2023-02-09 15:39:24,261 | Removed self-join from mapping rule `27`.
INFO | 2023-02-09 15:39:24,265 | 57 mapping rules retrieved.
INFO | 2023-02-09 15:39:24,738 | Mapping partition with 57 groups generated.
INFO | 2023-02-09 15:39:24,738 | Maximum number of rules within mapping group: 1.
INFO | 2023-02-09 15:39:24,740 | Mappings processed in 2.815 seconds.
DEBUG | 2023-02-09 15:39:24,749 | 1 triples generated for mapping rule `4` in 0.007 seconds.
DEBUG | 2023-02-09 15:39:24,767 | 1 triples generated for mapping rule `3` in 0.010 seconds.
DEBUG | 2023-02-09 15:39:24,776 | 1 triples generated for mapping rule `0` in 0.005 seconds.
DEBUG | 2023-02-09 15:39:24,787 | 1 triples generated for mapping rule `2` in 0.006 seconds.
DEBUG | 2023-02-09 15:39:24,797 | 1 triples generated for mapping rule `1` in 0.006 seconds.
DEBUG | 2023-02-09 15:39:24,807 | 1 triples generated for mapping rule `5` in 0.006 seconds.
DEBUG | 2023-02-09 15:39:24,825 | 1901 triples generated for mapping rule `7` in 0.014 seconds.
DEBUG | 2023-02-09 15:39:24,858 | 1901 triples generated for mapping rule `8` in 0.020 seconds.
DEBUG | 2023-02-09 15:39:24,878 | 1901 triples generated for mapping rule `6` in 0.013 seconds.
DEBUG | 2023-02-09 15:39:24,895 | 1 triples generated for mapping rule `12` in 0.010 seconds.
DEBUG | 2023-02-09 15:39:24,905 | 1 triples generated for mapping rule `10` in 0.006 seconds.
DEBUG | 2023-02-09 15:39:24,925 | 1 triples generated for mapping rule `16` in 0.010 seconds.
DEBUG | 2023-02-09 15:39:24,935 | 1 triples generated for mapping rule `14` in 0.006 seconds.
DEBUG | 2023-02-09 15:39:24,945 | 1 triples generated for mapping rule `13` in 0.006 seconds.
DEBUG | 2023-02-09 15:39:24,956 | 1 triples generated for mapping rule `15` in 0.006 seconds.
DEBUG | 2023-02-09 15:39:24,964 | 1 triples generated for mapping rule `9` in 0.005 seconds.
DEBUG | 2023-02-09 15:39:24,973 | 1 triples generated for mapping rule `11` in 0.005 seconds.
DEBUG | 2023-02-09 15:39:24,989 | 1086 triples generated for mapping rule `20` in 0.012 seconds.
DEBUG | 2023-02-09 15:39:25,009 | 1115 triples generated for mapping rule `25` in 0.014 seconds.
DEBUG | 2023-02-09 15:39:25,030 | 1113 triples generated for mapping rule `23` in 0.014 seconds.
DEBUG | 2023-02-09 15:39:25,051 | 1115 triples generated for mapping rule `19` in 0.016 seconds.
DEBUG | 2023-02-09 15:39:25,066 | 1115 triples generated for mapping rule `21` in 0.009 seconds.
DEBUG | 2023-02-09 15:39:25,081 | 0 triples generated for mapping rule `22` in 0.009 seconds.
DEBUG | 2023-02-09 15:39:25,092 | 1115 triples generated for mapping rule `18` in 0.011 seconds.
DEBUG | 2023-02-09 15:39:25,108 | 1113 triples generated for mapping rule `24` in 0.010 seconds.
DEBUG | 2023-02-09 15:39:25,130 | 1115 triples generated for mapping rule `17` in 0.011 seconds.
DEBUG | 2023-02-09 15:39:25,151 | 1901 triples generated for mapping rule `27` in 0.014 seconds.
DEBUG | 2023-02-09 15:39:25,166 | 583 triples generated for mapping rule `26` in 0.008 seconds.
DEBUG | 2023-02-09 15:39:25,243 | 0 triples generated for mapping rule `32` in 0.066 seconds.
DEBUG | 2023-02-09 15:39:25,419 | 40666 triples generated for mapping rule `34` in 0.175 seconds.
DEBUG | 2023-02-09 15:39:25,635 | 40666 triples generated for mapping rule `31` in 0.180 seconds.
DEBUG | 2023-02-09 15:39:25,815 | 40666 triples generated for mapping rule `36` in 0.143 seconds.
DEBUG | 2023-02-09 15:39:25,982 | 40666 triples generated for mapping rule `30` in 0.137 seconds.
DEBUG | 2023-02-09 15:39:26,182 | 40666 triples generated for mapping rule `29` in 0.173 seconds.
DEBUG | 2023-02-09 15:39:26,267 | 0 triples generated for mapping rule `37` in 0.059 seconds.
DEBUG | 2023-02-09 15:39:26,372 | 0 triples generated for mapping rule `39` in 0.104 seconds.
DEBUG | 2023-02-09 15:39:26,494 | 40666 triples generated for mapping rule `38` in 0.122 seconds.
DEBUG | 2023-02-09 15:39:26,593 | 0 triples generated for mapping rule `35` in 0.064 seconds.
DEBUG | 2023-02-09 15:39:26,680 | 40666 triples generated for mapping rule `28` in 0.087 seconds.
DEBUG | 2023-02-09 15:39:26,892 | 40666 triples generated for mapping rule `33` in 0.182 seconds.
DEBUG | 2023-02-09 15:41:20,690 | 10133332 triples generated for mapping rule `41` in 113.765 seconds.
